<?xml version="1.0" encoding="UTF-8"?>
<robot generator="Robot 3.1.1 (Python 3.7.3 on win32)" generated="20190519 20:14:47.764" rpa="false">
<suite id="s1" name="Avond1" source="D:\Workspace\robotframework\RFtraining\Avond1">
<suite id="s1-s1" name="Opdracht4" source="D:\Workspace\robotframework\RFtraining\Avond1\Opdracht4">
<suite id="s1-s1-s1" name="Login Tests" source="D:\Workspace\robotframework\RFtraining\Avond1\Opdracht4\login_tests">
<suite id="s1-s1-s1-s1" name="Valid Login" source="D:\Workspace\robotframework\RFtraining\Avond1\Opdracht4\login_tests\valid_login.robot">
<test id="s1-s1-s1-s1-t1" name="Login With Invalid Credentials Should Fail">
<kw name="Open Browser To Login Page" library="resource">
<kw name="Open Browser" library="SeleniumLibrary">
<doc>Opens a new browser instance to the given ``url``.</doc>
<arguments>
<arg>${LOGIN URL}</arg>
<arg>${BROWSER}</arg>
</arguments>
<msg timestamp="20190519 20:14:47.925" level="INFO">Opening browser 'Firefox' to base url 'http://localhost:7272/'.</msg>
<status status="PASS" starttime="20190519 20:14:47.925" endtime="20190519 20:14:53.121"></status>
</kw>
<kw name="Maximize Browser Window" library="SeleniumLibrary">
<doc>Maximizes current browser window.</doc>
<status status="PASS" starttime="20190519 20:14:53.121" endtime="20190519 20:14:53.407"></status>
</kw>
<kw name="Set Selenium Speed" library="SeleniumLibrary">
<doc>Sets the delay that is waited after each Selenium command.</doc>
<arguments>
<arg>${DELAY}</arg>
</arguments>
<status status="PASS" starttime="20190519 20:14:53.408" endtime="20190519 20:14:53.408"></status>
</kw>
<kw name="Login Page Should Be Open" library="resource">
<kw name="Title Should Be" library="SeleniumLibrary">
<doc>Verifies that current page title equals ``title``.</doc>
<arguments>
<arg>Login Page</arg>
</arguments>
<msg timestamp="20190519 20:14:53.412" level="INFO">Page title is 'Login Page'.</msg>
<status status="PASS" starttime="20190519 20:14:53.409" endtime="20190519 20:14:53.412"></status>
</kw>
<status status="PASS" starttime="20190519 20:14:53.408" endtime="20190519 20:14:53.412"></status>
</kw>
<status status="PASS" starttime="20190519 20:14:47.925" endtime="20190519 20:14:53.412"></status>
</kw>
<kw name="Input Username" library="resource">
<arguments>
<arg>invalid</arg>
</arguments>
<kw name="Input Text" library="SeleniumLibrary">
<doc>Types the given ``text`` into text field identified by ``locator``.</doc>
<arguments>
<arg>username_field</arg>
<arg>${username}</arg>
</arguments>
<msg timestamp="20190519 20:14:53.413" level="INFO">Typing text 'invalid' into text field 'username_field'.</msg>
<status status="PASS" starttime="20190519 20:14:53.413" endtime="20190519 20:14:53.444"></status>
</kw>
<status status="PASS" starttime="20190519 20:14:53.413" endtime="20190519 20:14:53.444"></status>
</kw>
<kw name="Input Password" library="resource">
<arguments>
<arg>password</arg>
</arguments>
<kw name="Input Text" library="SeleniumLibrary">
<doc>Types the given ``text`` into text field identified by ``locator``.</doc>
<arguments>
<arg>password_field</arg>
<arg>${password}</arg>
</arguments>
<msg timestamp="20190519 20:14:53.446" level="INFO">Typing text 'password' into text field 'password_field'.</msg>
<status status="PASS" starttime="20190519 20:14:53.445" endtime="20190519 20:14:53.469"></status>
</kw>
<status status="PASS" starttime="20190519 20:14:53.445" endtime="20190519 20:14:53.470"></status>
</kw>
<kw name="Submit Credentials" library="resource">
<kw name="Click Button" library="SeleniumLibrary">
<doc>Clicks button identified by ``locator``.</doc>
<arguments>
<arg>login_button</arg>
</arguments>
<msg timestamp="20190519 20:14:53.470" level="INFO">Clicking button 'login_button'.</msg>
<status status="PASS" starttime="20190519 20:14:53.470" endtime="20190519 20:14:53.515"></status>
</kw>
<status status="PASS" starttime="20190519 20:14:53.470" endtime="20190519 20:14:53.516"></status>
</kw>
<kw name="Login Should Have Failed" library="resource">
<kw name="Location Should Be" library="SeleniumLibrary">
<doc>Verifies that current URL is exactly ``url``.</doc>
<arguments>
<arg>${ERROR URL}</arg>
</arguments>
<msg timestamp="20190519 20:14:53.518" level="INFO">Current location is 'http://localhost:7272/error.html'.</msg>
<status status="PASS" starttime="20190519 20:14:53.516" endtime="20190519 20:14:53.518"></status>
</kw>
<kw name="Title Should Be" library="SeleniumLibrary">
<doc>Verifies that current page title equals ``title``.</doc>
<arguments>
<arg>Error Page</arg>
</arguments>
<msg timestamp="20190519 20:14:53.520" level="INFO">Page title is 'Error Page'.</msg>
<status status="PASS" starttime="20190519 20:14:53.519" endtime="20190519 20:14:53.521"></status>
</kw>
<status status="PASS" starttime="20190519 20:14:53.516" endtime="20190519 20:14:53.521"></status>
</kw>
<status status="PASS" starttime="20190519 20:14:47.924" endtime="20190519 20:14:53.521" critical="yes"></status>
</test>
<doc>A test suite with a single test for valid login.

This test has a workflow that is created using keywords in
the imported resource file.</doc>
<status status="PASS" starttime="20190519 20:14:47.808" endtime="20190519 20:14:53.522"></status>
</suite>
<status status="PASS" starttime="20190519 20:14:47.807" endtime="20190519 20:14:53.525"></status>
</suite>
<status status="PASS" starttime="20190519 20:14:47.805" endtime="20190519 20:14:53.528"></status>
</suite>
<status status="PASS" starttime="20190519 20:14:47.788" endtime="20190519 20:14:53.529"></status>
</suite>
<statistics>
<total>
<stat pass="1" fail="0">Critical Tests</stat>
<stat pass="1" fail="0">All Tests</stat>
</total>
<tag>
</tag>
<suite>
<stat pass="1" fail="0" id="s1" name="Avond1">Avond1</stat>
<stat pass="1" fail="0" id="s1-s1" name="Opdracht4">Avond1.Opdracht4</stat>
<stat pass="1" fail="0" id="s1-s1-s1" name="Login Tests">Avond1.Opdracht4.Login Tests</stat>
<stat pass="1" fail="0" id="s1-s1-s1-s1" name="Valid Login">Avond1.Opdracht4.Login Tests.Valid Login</stat>
</suite>
</statistics>
<errors>
</errors>
</robot>
